[2017-01-03 16:42:17] /shop/index.php?act=goods&op=index&goods_id=55 ( act=goods&op=index ) 
ERR: Db Error: You have an error in your SQL syntax; check the manual that corresponds to your MySQL server version for the right syntax to use near '' at line 4
select shopnc_member_classify.* 
                    from shopnc_member_classify 
                    left join shopnc_member on shopnc_member.member_classify = shopnc_member_classify.id
                    where shopnc_member.member_id = 
[2017-01-03 16:43:56] /shop/index.php?act=goods&op=index&goods_id=54 ( act=goods&op=index ) 
ERR: Db Error: You have an error in your SQL syntax; check the manual that corresponds to your MySQL server version for the right syntax to use near '' at line 4
select shopnc_member_classify.* 
                    from shopnc_member_classify 
                    left join shopnc_member on shopnc_member.member_classify = shopnc_member_classify.id
                    where shopnc_member.member_id = 
[2017-01-03 16:45:14] /shop/index.php?act=goods&op=index&goods_id=53 ( act=goods&op=index ) 
ERR: Db Error: You have an error in your SQL syntax; check the manual that corresponds to your MySQL server version for the right syntax to use near '' at line 4
select shopnc_member_classify.* 
                    from shopnc_member_classify 
                    left join shopnc_member on shopnc_member.member_classify = shopnc_member_classify.id
                    where shopnc_member.member_id = 
[2017-01-03 16:45:29] /shop/index.php?act=goods&op=index&goods_id=49 ( act=goods&op=index ) 
ERR: Db Error: You have an error in your SQL syntax; check the manual that corresponds to your MySQL server version for the right syntax to use near '' at line 4
select shopnc_member_classify.* 
                    from shopnc_member_classify 
                    left join shopnc_member on shopnc_member.member_classify = shopnc_member_classify.id
                    where shopnc_member.member_id = 
[2017-01-03 16:45:42] /shop/index.php?act=goods&op=index&goods_id=48 ( act=goods&op=index ) 
ERR: Db Error: You have an error in your SQL syntax; check the manual that corresponds to your MySQL server version for the right syntax to use near '' at line 4
select shopnc_member_classify.* 
                    from shopnc_member_classify 
                    left join shopnc_member on shopnc_member.member_classify = shopnc_member_classify.id
                    where shopnc_member.member_id = 
[2017-01-03 16:47:11] /shop/index.php?act=goods&op=index&goods_id=49 ( act=goods&op=index ) 
ERR: Db Error: You have an error in your SQL syntax; check the manual that corresponds to your MySQL server version for the right syntax to use near '' at line 4
select shopnc_member_classify.* 
                    from shopnc_member_classify 
                    left join shopnc_member on shopnc_member.member_classify = shopnc_member_classify.id
                    where shopnc_member.member_id = 
[2017-01-03 16:47:18] /shop/index.php?act=goods&op=index&goods_id=50 ( act=goods&op=index ) 
ERR: Db Error: You have an error in your SQL syntax; check the manual that corresponds to your MySQL server version for the right syntax to use near '' at line 4
select shopnc_member_classify.* 
                    from shopnc_member_classify 
                    left join shopnc_member on shopnc_member.member_classify = shopnc_member_classify.id
                    where shopnc_member.member_id = 
[2017-01-03 16:47:25] /shop/index.php?act=goods&op=index&goods_id=47 ( act=goods&op=index ) 
ERR: Db Error: You have an error in your SQL syntax; check the manual that corresponds to your MySQL server version for the right syntax to use near '' at line 4
select shopnc_member_classify.* 
                    from shopnc_member_classify 
                    left join shopnc_member on shopnc_member.member_classify = shopnc_member_classify.id
                    where shopnc_member.member_id = 
[2017-01-03 16:47:49] /shop/index.php?act=goods&op=index&goods_id=50 ( act=goods&op=index ) 
ERR: Db Error: You have an error in your SQL syntax; check the manual that corresponds to your MySQL server version for the right syntax to use near '' at line 4
select shopnc_member_classify.* 
                    from shopnc_member_classify 
                    left join shopnc_member on shopnc_member.member_classify = shopnc_member_classify.id
                    where shopnc_member.member_id = 
[2017-01-03 17:27:03] /shop/index.php?act=goods&op=index&goods_id=55 ( act=goods&op=index ) 
ERR: Db Error: You have an error in your SQL syntax; check the manual that corresponds to your MySQL server version for the right syntax to use near '' at line 4
select shopnc_member_classify.* 
                    from shopnc_member_classify 
                    left join shopnc_member on shopnc_member.member_classify = shopnc_member_classify.id
                    where shopnc_member.member_id = 
[2017-01-03 17:27:14] /shop/index.php?act=goods&op=index&goods_id=55 ( act=goods&op=index ) 
ERR: Db Error: You have an error in your SQL syntax; check the manual that corresponds to your MySQL server version for the right syntax to use near '' at line 4
select shopnc_member_classify.* 
                    from shopnc_member_classify 
                    left join shopnc_member on shopnc_member.member_classify = shopnc_member_classify.id
                    where shopnc_member.member_id = 
[2017-01-03 17:27:36] /shop/index.php?act=goods&op=index&goods_id=55 ( act=goods&op=index ) 
ERR: Db Error: You have an error in your SQL syntax; check the manual that corresponds to your MySQL server version for the right syntax to use near '' at line 4
select shopnc_member_classify.* 
                    from shopnc_member_classify 
                    left join shopnc_member on shopnc_member.member_classify = shopnc_member_classify.id
                    where shopnc_member.member_id = 
[2017-01-03 17:43:05] /shop/index.php?act=goods&op=index&goods_id=73 ( act=goods&op=index ) 
ERR: Db Error: You have an error in your SQL syntax; check the manual that corresponds to your MySQL server version for the right syntax to use near '' at line 4
select shopnc_member_classify.* 
                    from shopnc_member_classify 
                    left join shopnc_member on shopnc_member.member_classify = shopnc_member_classify.id
                    where shopnc_member.member_id = 
[2017-01-03 17:43:40] /shop/index.php?act=goods&op=index&goods_id=73 ( act=goods&op=index ) 
ERR: Db Error: You have an error in your SQL syntax; check the manual that corresponds to your MySQL server version for the right syntax to use near '' at line 4
select shopnc_member_classify.* 
                    from shopnc_member_classify 
                    left join shopnc_member on shopnc_member.member_classify = shopnc_member_classify.id
                    where shopnc_member.member_id = 
