[2017-01-09 12:40:40] /shop/index.php?act=goods&op=index&goods_id=255 ( act=goods&op=index ) 
ERR: Db Error: You have an error in your SQL syntax; check the manual that corresponds to your MySQL server version for the right syntax to use near '' at line 4
select shopnc_member_classify.* 
                    from shopnc_member_classify 
                    left join shopnc_member on shopnc_member.member_classify = shopnc_member_classify.id
                    where shopnc_member.member_id = 
[2017-01-09 13:36:45] /shop/index.php?act=goods&op=index&goods_id=300 ( act=goods&op=index ) 
ERR: Db Error: You have an error in your SQL syntax; check the manual that corresponds to your MySQL server version for the right syntax to use near '' at line 4
select shopnc_member_classify.* 
                    from shopnc_member_classify 
                    left join shopnc_member on shopnc_member.member_classify = shopnc_member_classify.id
                    where shopnc_member.member_id = 
[2017-01-09 13:36:56] /shop/index.php?act=goods&op=index&goods_id=301 ( act=goods&op=index ) 
ERR: Db Error: You have an error in your SQL syntax; check the manual that corresponds to your MySQL server version for the right syntax to use near '' at line 4
select shopnc_member_classify.* 
                    from shopnc_member_classify 
                    left join shopnc_member on shopnc_member.member_classify = shopnc_member_classify.id
                    where shopnc_member.member_id = 
[2017-01-09 17:04:36] /shop/index.php?act=goods&op=index&goods_id=334 ( act=goods&op=index ) 
ERR: Db Error: You have an error in your SQL syntax; check the manual that corresponds to your MySQL server version for the right syntax to use near '' at line 4
select shopnc_member_classify.* 
                    from shopnc_member_classify 
                    left join shopnc_member on shopnc_member.member_classify = shopnc_member_classify.id
                    where shopnc_member.member_id = 
