[2017-02-06 08:44:21] /mobile/index.php?act=index ( act=index&op=index ) 
ERR: Db Error: Table 'dlxinle.wxshop_mst_customer t1' doesn't exist
SELECT t1.customer_cd,t1.customer_name,t1.address c_address,t1.tel c_tel,t1.self_receive_spot_cd,t2.self_receive_nm,t2.address sr_address,t2.tel sr_tel FROM `wxshop_mst_customer t1` AS `mst_customer t1` LEFT JOIN `wxshop_mst_self_receive t2` AS `mst_self_receive t2` ON t2.self_receive_spot_cd = t1.self_receive_spot_cd WHERE ( t1.customer_type = '0' ) AND ( t1.delete_flag = '0' ) AND ( t1.member_id = NULL ) ORDER BY t1.create_date DESC LIMIT 1000  
[2017-02-06 08:59:06] /mobile/index.php?act=index ( act=index&op=index ) 
ERR: Db Error: Table 'dlxinle.wxshop_mst_customer t1' doesn't exist
SELECT t1.customer_cd,t1.customer_name,t1.address c_address,t1.tel c_tel,t1.self_receive_spot_cd,t2.self_receive_nm,t2.address sr_address,t2.tel sr_tel FROM `wxshop_mst_customer t1` AS `mst_customer t1` LEFT JOIN `wxshop_mst_self_receive t2` AS `mst_self_receive t2` ON t2.self_receive_spot_cd = t1.self_receive_spot_cd WHERE ( t1.customer_type = '0' ) AND ( t1.delete_flag = '0' ) AND ( t1.member_id = NULL ) ORDER BY t1.create_date DESC LIMIT 1000  
[2017-02-06 09:08:51] /mobile/index.php?act=index ( act=index&op=index ) 
ERR: Db Error: Table 'dlxinle.wxshop_mst_customer' doesn't exist
SELECT mst_customer.customer_cd,mst_customer.customer_name,mst_customer.address c_address,mst_customer.tel c_tel,mst_customer.self_receive_spot_cd,mst_self_receive.self_receive_nm,mst_self_receive.address sr_address,mst_self_receive.tel sr_tel FROM `wxshop_mst_customer` AS `mst_customer` LEFT JOIN `wxshop_mst_self_receive` AS `mst_self_receive` ON mst_self_receive.self_receive_spot_cd = mst_customer.self_receive_spot_cd WHERE ( mst_customer.customer_type = '0' ) AND ( mst_customer.delete_flag = '0' ) AND ( mst_customer.member_id = NULL ) ORDER BY mst_customer.create_date DESC LIMIT 1000  
[2017-02-06 09:09:53] /mobile/index.php?act=index ( act=index&op=index ) 
ERR: Db Error: You have an error in your SQL syntax; check the manual that corresponds to your MySQL server version for the right syntax to use near 'WHERE ( mst_customer.customer_type = '0' ) AND ( mst_customer.delete_flag = '0' ' at line 1
SELECT mst_customer.customer_cd,mst_customer.customer_name,mst_customer.address c_address,mst_customer.tel c_tel,mst_customer.self_receive_spot_cd,mst_self_receive.self_receive_nm,mst_self_receive.address sr_address,mst_self_receive.tel sr_tel FROM  WHERE ( mst_customer.customer_type = '0' ) AND ( mst_customer.delete_flag = '0' ) AND ( mst_customer.member_id = NULL ) ORDER BY mst_customer.create_date DESC LIMIT 1000  
[2017-02-06 09:10:27] /mobile/index.php?act=index ( act=index&op=index ) 
ERR: Db Error: Table 'dlxinle.wxshop_mst_customer' doesn't exist
SELECT mst_customer.customer_cd,mst_customer.customer_name,mst_customer.address c_address,mst_customer.tel c_tel,mst_customer.self_receive_spot_cd,mst_self_receive.self_receive_nm,mst_self_receive.address sr_address,mst_self_receive.tel sr_tel FROM `wxshop_mst_customer` AS `mst_customer` LEFT JOIN `wxshop_mst_self_receive` AS `mst_self_receive` ON mst_self_receive.self_receive_spot_cd = mst_customer.self_receive_spot_cd WHERE ( mst_customer.customer_type = '0' ) AND ( mst_customer.delete_flag = '0' ) AND ( mst_customer.member_id = NULL ) ORDER BY mst_customer.create_date DESC LIMIT 1000  
[2017-02-06 09:11:18] /mobile/index.php?act=index ( act=index&op=index ) 
ERR: Db Error: Table 'dlxinle.wxshop_mst_customer' doesn't exist
SELECT customer_cd FROM `wxshop_mst_customer` ORDER BY customer_cd DESC LIMIT 1  
[2017-02-06 09:12:09] /mobile/index.php?act=index ( act=index&op=index ) 
ERR: Db Error: Table 'dlxinle.wxshop_mst_customer' doesn't exist
SELECT customer_cd FROM `wxshop_mst_customer` ORDER BY customer_cd DESC LIMIT 1  
[2017-02-06 09:27:29] /mobile/index.php?act=index ( act=index&op=index ) 
ERR: Db Error: Table 'dlxinle.wxshop_mst_customer' doesn't exist
SELECT mst_customer.customer_cd,mst_customer.customer_name,mst_customer.address c_address,mst_customer.tel c_tel,mst_customer.self_receive_spot_cd,mst_self_receive.self_receive_nm,mst_self_receive.address sr_address,mst_self_receive.tel sr_tel FROM `wxshop_mst_customer` AS `mst_customer` LEFT JOIN `wxshop_mst_self_receive` AS `mst_self_receive` ON mst_self_receive.self_receive_spot_cd = mst_customer.self_receive_spot_cd WHERE ( mst_customer.customer_type = '0' ) AND ( mst_customer.delete_flag = '0' ) AND ( mst_customer.member_id = NULL ) ORDER BY mst_customer.create_date DESC LIMIT 1000  
[2017-02-06 09:28:03] /mobile/index.php?act=index ( act=index&op=index ) 
ERR: Db Error: Table 'dlxinle.wxshop_mst_customer' doesn't exist
SELECT mst_customer.customer_cd,mst_customer.customer_name,mst_customer.address c_address,mst_customer.tel c_tel,mst_customer.self_receive_spot_cd,mst_self_receive.self_receive_nm,mst_self_receive.address sr_address,mst_self_receive.tel sr_tel FROM `wxshop_mst_customer` AS `mst_customer` LEFT JOIN `wxshop_mst_self_receive` AS `mst_self_receive` ON mst_self_receive.self_receive_spot_cd = mst_customer.self_receive_spot_cd WHERE ( mst_customer.customer_type = '0' ) AND ( mst_customer.delete_flag = '0' ) AND ( mst_customer.member_id = NULL ) ORDER BY mst_customer.create_date DESC LIMIT 1000  
[2017-02-06 09:28:09] /mobile/index.php?act=index ( act=index&op=index ) 
ERR: Db Error: Table 'dlxinle.wxshop_mst_customer' doesn't exist
SELECT mst_customer.customer_cd,mst_customer.customer_name,mst_customer.address c_address,mst_customer.tel c_tel,mst_customer.self_receive_spot_cd,mst_self_receive.self_receive_nm,mst_self_receive.address sr_address,mst_self_receive.tel sr_tel FROM `wxshop_mst_customer` AS `mst_customer` LEFT JOIN `wxshop_mst_self_receive` AS `mst_self_receive` ON mst_self_receive.self_receive_spot_cd = mst_customer.self_receive_spot_cd WHERE ( mst_customer.customer_type = '0' ) AND ( mst_customer.delete_flag = '0' ) AND ( mst_customer.member_id = NULL ) ORDER BY mst_customer.create_date DESC LIMIT 1000  
[2017-02-06 09:30:12] /mobile/index.php?act=index ( act=index&op=index ) 
ERR: Db Error: Table 'dlxinle.wxshop_mst_customer' doesn't exist
SELECT mst_customer.customer_cd,mst_customer.customer_name,mst_customer.address c_address,mst_customer.tel c_tel,mst_customer.self_receive_spot_cd,mst_self_receive.self_receive_nm,mst_self_receive.address sr_address,mst_self_receive.tel sr_tel FROM `wxshop_mst_customer` AS `mst_customer` LEFT JOIN `wxshop_mst_self_receive` AS `mst_self_receive` ON mst_self_receive.self_receive_spot_cd = mst_customer.self_receive_spot_cd WHERE ( mst_customer.customer_type = '0' ) AND ( mst_customer.delete_flag = '0' ) AND ( mst_customer.member_id = NULL ) ORDER BY mst_customer.create_date DESC LIMIT 1000  
[2017-02-06 09:30:51] /mobile/index.php?act=index ( act=index&op=index ) 
ERR: Db Error: Table 'dlxinle.wxshop_mst_customer' doesn't exist
SELECT mst_customer.customer_cd,mst_customer.customer_name,mst_customer.address c_address,mst_customer.tel c_tel,mst_customer.self_receive_spot_cd,mst_self_receive.self_receive_nm,mst_self_receive.address sr_address,mst_self_receive.tel sr_tel FROM `wxshop_mst_customer` AS `mst_customer` LEFT JOIN `wxshop_mst_self_receive` AS `mst_self_receive` ON mst_self_receive.self_receive_spot_cd = mst_customer.self_receive_spot_cd WHERE ( mst_customer.customer_type = '0' ) AND ( mst_customer.delete_flag = '0' ) AND ( mst_customer.member_id = NULL ) ORDER BY mst_customer.create_date DESC LIMIT 1000  
[2017-02-06 09:31:12] /mobile/index.php?act=index ( act=index&op=index ) 
ERR: Db Error: Table 'dlxinle.wxshop_mst_customer' doesn't exist
SELECT mst_customer.customer_cd,mst_customer.customer_name,mst_customer.address c_address,mst_customer.tel c_tel,mst_customer.self_receive_spot_cd,mst_self_receive.self_receive_nm,mst_self_receive.address sr_address,mst_self_receive.tel sr_tel FROM `wxshop_mst_customer` AS `mst_customer` LEFT JOIN `wxshop_mst_self_receive` AS `mst_self_receive` ON mst_self_receive.self_receive_spot_cd = mst_customer.self_receive_spot_cd WHERE ( mst_customer.customer_type = '0' ) AND ( mst_customer.delete_flag = '0' ) AND ( mst_customer.member_id = NULL ) ORDER BY mst_customer.create_date DESC LIMIT 1000  
[2017-02-06 09:31:31] /mobile/index.php?act=index ( act=index&op=index ) 
ERR: Db Error: Table 'dlxinle.wxshop_mst_customer' doesn't exist
SELECT mst_customer.customer_cd,mst_customer.customer_name,mst_customer.address c_address,mst_customer.tel c_tel,mst_customer.self_receive_spot_cd,mst_self_receive.self_receive_nm,mst_self_receive.address sr_address,mst_self_receive.tel sr_tel FROM `wxshop_mst_customer` AS `mst_customer` LEFT JOIN `wxshop_mst_self_receive` AS `mst_self_receive` ON mst_self_receive.self_receive_spot_cd = mst_customer.self_receive_spot_cd WHERE ( mst_customer.customer_type = '0' ) AND ( mst_customer.delete_flag = '0' ) AND ( mst_customer.member_id = NULL ) ORDER BY mst_customer.create_date DESC LIMIT 1000  
[2017-02-06 09:31:31] /mobile/index.php?act=index ( act=index&op=index ) 
ERR: Db Error: Table 'dlxinle.wxshop_mst_customer' doesn't exist
SELECT mst_customer.customer_cd,mst_customer.customer_name,mst_customer.address c_address,mst_customer.tel c_tel,mst_customer.self_receive_spot_cd,mst_self_receive.self_receive_nm,mst_self_receive.address sr_address,mst_self_receive.tel sr_tel FROM `wxshop_mst_customer` AS `mst_customer` LEFT JOIN `wxshop_mst_self_receive` AS `mst_self_receive` ON mst_self_receive.self_receive_spot_cd = mst_customer.self_receive_spot_cd WHERE ( mst_customer.customer_type = '0' ) AND ( mst_customer.delete_flag = '0' ) AND ( mst_customer.member_id = NULL ) ORDER BY mst_customer.create_date DESC LIMIT 1000  
[2017-02-06 09:44:39] /mobile/index.php?act=index ( act=index&op=index ) 
ERR: Db Error: Table 'dlxinle.wxshop_mst_customer' doesn't exist
SELECT mst_customer.customer_cd,mst_customer.customer_name,mst_customer.address c_address,mst_customer.tel c_tel,mst_customer.self_receive_spot_cd,mst_self_receive.self_receive_nm,mst_self_receive.address sr_address,mst_self_receive.tel sr_tel FROM `wxshop_mst_customer` AS `mst_customer` LEFT JOIN `wxshop_mst_self_receive` AS `mst_self_receive` ON mst_self_receive.self_receive_spot_cd = mst_customer.self_receive_spot_cd WHERE ( mst_customer.customer_type = '0' ) AND ( mst_customer.delete_flag = '0' ) AND ( mst_customer.member_id = NULL ) ORDER BY mst_customer.create_date DESC LIMIT 1000  
[2017-02-06 09:45:48] /mobile/index.php?act=index ( act=index&op=index ) 
ERR: Db Error: Unknown column 'mst_customer.self_receive_spot_cd' in 'field list'
SELECT mst_customer.customer_cd,mst_customer.customer_name,mst_customer.address c_address,mst_customer.tel c_tel,mst_customer.self_receive_spot_cd,mst_self_receive.self_receive_nm,mst_self_receive.address sr_address,mst_self_receive.tel sr_tel FROM `mst_customer` AS `mst_customer` LEFT JOIN `mst_self_receive` AS `mst_self_receive` ON mst_self_receive.self_receive_spot_cd = mst_customer.self_receive_spot_cd WHERE ( mst_customer.customer_type = '0' ) AND ( mst_customer.delete_flag = '0' ) AND ( mst_customer.member_id = NULL ) ORDER BY mst_customer.create_date DESC LIMIT 1000  
[2017-02-06 11:06:47] /mobile/index.php?act=index ( act=index&op=index ) 
ERR: Db Error: Unknown column 'mst_customer.self_receive_spot_cd' in 'field list'
SELECT mst_customer.customer_cd,mst_customer.customer_name,mst_customer.address c_address,mst_customer.tel c_tel,mst_customer.self_receive_spot_cd,mst_self_receive.self_receive_nm,mst_self_receive.address sr_address,mst_self_receive.tel sr_tel FROM `mst_customer` AS `mst_customer` LEFT JOIN `mst_self_receive` AS `mst_self_receive` ON mst_self_receive.self_receive_spot_cd = mst_customer.self_receive_spot_cd WHERE ( mst_customer.customer_type = '0' ) AND ( mst_customer.delete_flag = '0' ) AND ( mst_customer.member_id = '' ) ORDER BY mst_customer.create_date DESC LIMIT 1000  
[2017-02-06 11:07:27] /mobile/index.php?act=index ( act=index&op=index ) 
ERR: Db Error: Unknown column 'mst_customer.self_receive_spot_cd' in 'field list'
SELECT mst_customer.customer_cd,mst_customer.customer_name,mst_customer.address c_address,mst_customer.tel c_tel,mst_customer.self_receive_spot_cd,mst_self_receive.self_receive_nm,mst_self_receive.address sr_address,mst_self_receive.tel sr_tel FROM `mst_customer` AS `mst_customer` LEFT JOIN `mst_self_receive` AS `mst_self_receive` ON mst_self_receive.self_receive_spot_cd = mst_customer.self_receive_spot_cd WHERE ( mst_customer.customer_type = '0' ) AND ( mst_customer.delete_flag = '0' ) AND ( mst_customer.member_id = '' ) ORDER BY mst_customer.create_date DESC LIMIT 1000  
[2017-02-06 11:08:23] /mobile/index.php?act=index ( act=index&op=index ) 
ERR: Db Error: Unknown column 'mst_customer.self_receive_spot_cd' in 'on clause'
SELECT mst_customer.customer_cd,mst_customer.customer_name,mst_customer.address c_address,mst_customer.tel c_tel,mst_self_receive.self_receive_spot_cd,mst_self_receive.self_receive_nm,mst_self_receive.address sr_address,mst_self_receive.tel sr_tel FROM `mst_customer` AS `mst_customer` LEFT JOIN `mst_self_receive` AS `mst_self_receive` ON mst_self_receive.self_receive_spot_cd = mst_customer.self_receive_spot_cd WHERE ( mst_customer.customer_type = '0' ) AND ( mst_customer.delete_flag = '0' ) AND ( mst_customer.member_id = '' ) ORDER BY mst_customer.create_date DESC LIMIT 1000  
[2017-02-06 11:08:25] /mobile/index.php?act=index ( act=index&op=index ) 
ERR: Db Error: Unknown column 'mst_customer.self_receive_spot_cd' in 'on clause'
SELECT mst_customer.customer_cd,mst_customer.customer_name,mst_customer.address c_address,mst_customer.tel c_tel,mst_self_receive.self_receive_spot_cd,mst_self_receive.self_receive_nm,mst_self_receive.address sr_address,mst_self_receive.tel sr_tel FROM `mst_customer` AS `mst_customer` LEFT JOIN `mst_self_receive` AS `mst_self_receive` ON mst_self_receive.self_receive_spot_cd = mst_customer.self_receive_spot_cd WHERE ( mst_customer.customer_type = '0' ) AND ( mst_customer.delete_flag = '0' ) AND ( mst_customer.member_id = '' ) ORDER BY mst_customer.create_date DESC LIMIT 1000  
[2017-02-06 11:10:51] /mobile/index.php?act=index ( act=index&op=index ) 
ERR: Db Error: Unknown column 'mst_customer.self_receive_spot_cd' in 'field list'
SELECT mst_customer.customer_cd,mst_customer.customer_name,mst_customer.address c_address,mst_customer.tel c_tel,mst_customer.self_receive_spot_cd,mst_self_receive.self_receive_nm,mst_self_receive.address sr_address,mst_self_receive.tel sr_tel FROM `mst_customer` AS `mst_customer` LEFT JOIN `mst_self_receive` AS `mst_self_receive` ON mst_self_receive.self_receive_spot_cd = mst_customer.self_receive_spot_cd_bak WHERE ( mst_customer.customer_type = '0' ) AND ( mst_customer.delete_flag = '0' ) AND ( mst_customer.member_id = '' ) ORDER BY mst_customer.create_date DESC LIMIT 1000  
[2017-02-06 13:55:25] /mobile/index.php?act=index ( act=index&op=index ) 
ERR: Db Error: Table 'dlxinle.a_' doesn't exist
SELECT * FROM `A_` AS `a` LEFT JOIN `B_` AS `b` ON a.a=b.b LIMIT 30  
[2017-02-06 13:55:29] /mobile/index.php?act=index ( act=index&op=index ) 
ERR: Db Error: Table 'dlxinle.a_' doesn't exist
SELECT * FROM `A_` AS `a` LEFT JOIN `B_` AS `b` ON a.a=b.b LIMIT 30  
[2017-02-06 13:57:05] /mobile/index.php?act=index ( act=index&op=index ) 
ERR: Db Error: Table 'dlxinle.a_a' doesn't exist
SELECT * FROM `A_a` AS `a` LEFT JOIN `B_b` AS `b` ON a.a=b.b LIMIT 30  
[2017-02-06 14:51:43] /mobile/index.php?act=index ( act=index&op=index ) 
ERR: Db Error: Table 'dlxinle.wxshop_mst_constant' doesn't exist
SELECT * FROM `wxshop_mst_constant` WHERE ( Constant_Type = '快速入口' ) LIMIT 1000  
